make --dry-run --always-make --keep-going --print-directory
make: Entering directory '/home/lziqi/Code/pRPL-master'
g++  -O  -I./  -I/usr/include/gdal  -I./ -I/usr/lib/x86_64-linux-gnu/openmpi/include   -I/usr/include/CL  -c -o pgtiol-dataset.o pgtiol-dataset.cpp
g++  -O  -I./  -I/usr/include/gdal  -I./ -I/usr/lib/x86_64-linux-gnu/openmpi/include   -I/usr/include/CL  -c -o pgtiol-gTiffMetaData.o pgtiol-gTiffMetaData.cpp
g++  -O  -I./  -I/usr/include/gdal  -I./ -I/usr/lib/x86_64-linux-gnu/openmpi/include   -I/usr/include/CL  -c -o pgtiol-gTiffData.o pgtiol-gTiffData.cpp
g++  -O  -I./  -I/usr/include/gdal  -I./ -I/usr/lib/x86_64-linux-gnu/openmpi/include   -I/usr/include/CL  -c -o pgtiol-gTiffManager.o pgtiol-gTiffManager.cpp
 
g++  -O  -I./  -I/usr/include/gdal  -I./ -I/usr/lib/x86_64-linux-gnu/openmpi/include   -I/usr/include/CL  -c -o prpl-basicTypes.o prpl-basicTypes.cpp
g++  -O  -I./  -I/usr/include/gdal  -I./ -I/usr/lib/x86_64-linux-gnu/openmpi/include   -I/usr/include/CL  -c -o prpl-neighborhood.o prpl-neighborhood.cpp
g++  -O  -I./  -I/usr/include/gdal  -I./ -I/usr/lib/x86_64-linux-gnu/openmpi/include   -I/usr/include/CL  -c -o prpl-cellspaceInfo.o prpl-cellspaceInfo.cpp
g++  -O  -I./  -I/usr/include/gdal  -I./ -I/usr/lib/x86_64-linux-gnu/openmpi/include   -I/usr/include/CL  -c -o prpl-cellspaceGeoinfo.o prpl-cellspaceGeoinfo.cpp
g++  -O  -I./  -I/usr/include/gdal  -I./ -I/usr/lib/x86_64-linux-gnu/openmpi/include   -I/usr/include/CL  -c -o prpl-cellspace.o prpl-cellspace.cpp
g++  -O  -I./  -I/usr/include/gdal  -I./ -I/usr/lib/x86_64-linux-gnu/openmpi/include   -I/usr/include/CL  -c -o prpl-cellStream.o prpl-cellStream.cpp
g++  -O  -I./  -I/usr/include/gdal  -I./ -I/usr/lib/x86_64-linux-gnu/openmpi/include   -I/usr/include/CL  -c -o prpl-subCellspaceInfo.o prpl-subCellspaceInfo.cpp
g++  -O  -I./  -I/usr/include/gdal  -I./ -I/usr/lib/x86_64-linux-gnu/openmpi/include   -I/usr/include/CL  -c -o prpl-subCellspace.o prpl-subCellspace.cpp
g++  -O  -I./  -I/usr/include/gdal  -I./ -I/usr/lib/x86_64-linux-gnu/openmpi/include   -I/usr/include/CL  -c -o prpl-layer.o prpl-layer.cpp
 
g++  -O  -I./  -I/usr/include/gdal  -I./ -I/usr/lib/x86_64-linux-gnu/openmpi/include   -I/usr/include/CL  -c -o prpl-transition.o prpl-transition.cpp
g++  -O  -I./  -I/usr/include/gdal  -I./ -I/usr/lib/x86_64-linux-gnu/openmpi/include   -I/usr/include/CL  -c -o prpl-smplDcmp.o prpl-smplDcmp.cpp
g++  -O  -I./  -I/usr/include/gdal  -I./ -I/usr/lib/x86_64-linux-gnu/openmpi/include   -I/usr/include/CL  -c -o prpl-ownershipMap.o prpl-ownershipMap.cpp
g++  -O  -I./  -I/usr/include/gdal  -I./ -I/usr/lib/x86_64-linux-gnu/openmpi/include   -I/usr/include/CL  -c -o prpl-exchangeMap.o prpl-exchangeMap.cpp
g++  -O  -I./  -I/usr/include/gdal  -I./ -I/usr/lib/x86_64-linux-gnu/openmpi/include   -I/usr/include/CL  -c -o prpl-process.o prpl-process.cpp
g++  -O  -I./  -I/usr/include/gdal  -I./ -I/usr/lib/x86_64-linux-gnu/openmpi/include   -I/usr/include/CL  -c -o prpl-transferInfo.o prpl-transferInfo.cpp
g++  -O  -I./  -I/usr/include/gdal  -I./ -I/usr/lib/x86_64-linux-gnu/openmpi/include   -I/usr/include/CL  -c -o prpl-dataManager.o prpl-dataManager.cpp
 
g++  -O  -I./  -I/usr/include/gdal  -I./ -I/usr/lib/x86_64-linux-gnu/openmpi/include   -I/usr/include/CL  -c -o aspectTrans.o aspectTrans.cpp
g++  -O  -I./  -I/usr/include/gdal  -I./ -I/usr/lib/x86_64-linux-gnu/openmpi/include   -I/usr/include/CL  -c -o morpl-Error.o morpl-Error.cpp
g++  -O  -I./  -I/usr/include/gdal  -I./ -I/usr/lib/x86_64-linux-gnu/openmpi/include   -I/usr/include/CL  -c -o morpl-OperatorDevice.o morpl-OperatorDevice.cpp
g++  -O  -I./  -I/usr/include/gdal  -I./ -I/usr/lib/x86_64-linux-gnu/openmpi/include   -I/usr/include/CL  -c -o morpl-openclManager.o morpl-openclManager.cpp
g++  -O  -I./  -I/usr/include/gdal  -I./ -I/usr/lib/x86_64-linux-gnu/openmpi/include   -I/usr/include/CL  -c -o morpl-node.o morpl-node.cpp
g++  -O  -I./  -I/usr/include/gdal  -I./ -I/usr/lib/x86_64-linux-gnu/openmpi/include   -I/usr/include/CL  -c -o morpl-Test.o morpl-Test.cpp
g++  -O  -I./  -I/usr/include/gdal  -I./ -I/usr/lib/x86_64-linux-gnu/openmpi/include   -I/usr/include/CL  -c -o demoTrans.o demoTrans.cpp
 
g++  -O  -I./  -I/usr/include/gdal  -I./ -I/usr/lib/x86_64-linux-gnu/openmpi/include   -I/usr/include/CL  -c -o main.o main.cpp
mpic++   -O  -I./  -I/usr/include/gdal  -I./ -I/usr/lib/x86_64-linux-gnu/openmpi/include   -I/usr/include/CL   pgtiol-dataset.o pgtiol-gTiffMetaData.o pgtiol-gTiffData.o pgtiol-gTiffManager.o prpl-basicTypes.o prpl-neighborhood.o prpl-cellspaceInfo.o prpl-cellspaceGeoinfo.o prpl-cellspace.o prpl-cellStream.o prpl-subCellspaceInfo.o prpl-subCellspace.o prpl-layer.o prpl-transition.o prpl-smplDcmp.o prpl-ownershipMap.o prpl-exchangeMap.o prpl-process.o prpl-transferInfo.o prpl-dataManager.o aspectTrans.o morpl-Error.o morpl-OperatorDevice.o morpl-openclManager.o morpl-node.o morpl-Test.o demoTrans.o main.o   -o    main    -L/usr/lib  -L/usr/lib/x86_64-linux-gnu/openmpi/lib -L/usr/lib/x86_64-linux-gnu -L/home/lziqi/Code/software/tiff/lib -lOpenCL -lgdal -ltiff -std=c++11
make: Leaving directory '/home/lziqi/Code/pRPL-master'
 
